<?xml version="1.0" encoding="UTF-8"?>
<testsuite xmlns:xsi="http://www.w3.org/2001/XMLSchema-instance" xsi:noNamespaceSchemaLocation="https://maven.apache.org/surefire/maven-surefire-plugin/xsd/surefire-test-report-3.0.xsd" version="3.0" name="ContactTest" time="0.01" tests="9" errors="0" skipped="0" failures="0">
  <properties>
[...]
</properties>
  <testcase name="testConstructor_null" classname="ContactTest" time="0.001"/>
  <testcase name="testSetID" classname="ContactTest" time="0.0"/>
  <testcase name="testConstructor_empty" classname="ContactTest" time="0.001"/>
  <testcase name="testConstructor_illegal" classname="ContactTest" time="0.001"/>
  <testcase name="testSetAddress" classname="ContactTest" time="0.0"/>
  <testcase name="testSetLast" classname="ContactTest" time="0.0"/>
  <testcase name="testValidContactCreation" classname="ContactTest" time="0.0"/>
  <testcase name="testSetFirst" classname="ContactTest" time="0.001"/>
  <testcase name="testSetPhone" classname="ContactTest" time="0.001"/>
</testsuite>